TN:
SF:/Users/lisa/Desktop/Web Engineering/app.js
FN:8,(anonymous_0)
FNF:1
FNH:1
FNDA:1,(anonymous_0)
DA:1,1
DA:3,1
DA:4,1
DA:6,1
DA:8,1
DA:9,1
DA:10,1
LF:7
LH:7
BRF:0
BRH:0
end_of_record
TN:
SF:/Users/lisa/Desktop/Web Engineering/scripts/checkInput.js
FN:3,checkInput
FNF:1
FNH:1
FNDA:9,checkInput
DA:1,1
DA:6,9
DA:7,1
DA:8,1
DA:10,8
DA:11,2
DA:12,2
DA:14,6
DA:15,2
DA:16,2
DA:18,4
DA:19,2
DA:20,2
DA:24,2
DA:32,1
DA:33,1
DA:38,1
DA:39,1
LF:18
LH:18
BRDA:6,0,0,1
BRDA:6,0,1,8
BRDA:6,1,0,9
BRDA:6,1,1,9
BRDA:6,1,2,8
BRDA:10,2,0,2
BRDA:10,2,1,6
BRDA:10,3,0,8
BRDA:10,3,1,7
BRDA:14,4,0,2
BRDA:14,4,1,4
BRDA:14,5,0,6
BRDA:14,5,1,5
BRDA:18,6,0,2
BRDA:18,6,1,2
BRDA:18,7,0,4
BRDA:18,7,1,3
BRDA:32,8,0,1
BRDA:32,8,1,0
BRDA:38,9,0,1
BRDA:38,9,1,0
BRF:21
BRH:19
end_of_record
TN:
SF:/Users/lisa/Desktop/Web Engineering/scripts/checkInputWater.js
FN:3,checkInputWater
FNF:1
FNH:1
FNDA:6,checkInputWater
DA:1,1
DA:6,6
DA:7,1
DA:8,1
DA:10,5
DA:11,2
DA:12,2
DA:14,3
DA:15,2
DA:16,2
DA:20,1
DA:28,1
DA:29,1
DA:34,1
DA:35,1
LF:15
LH:15
BRDA:6,0,0,1
BRDA:6,0,1,5
BRDA:6,1,0,6
BRDA:6,1,1,6
BRDA:10,2,0,2
BRDA:10,2,1,3
BRDA:10,3,0,5
BRDA:10,3,1,4
BRDA:14,4,0,2
BRDA:14,4,1,1
BRDA:14,5,0,3
BRDA:14,5,1,2
BRDA:28,6,0,1
BRDA:28,6,1,0
BRDA:34,7,0,1
BRDA:34,7,1,0
BRF:16
BRH:14
end_of_record
TN:
SF:/Users/lisa/Desktop/Web Engineering/scripts/getPal.js
FN:1,getPal
FNF:1
FNH:1
FNDA:2,getPal
DA:2,2
DA:10,2
DA:11,2
DA:17,1
DA:18,1
DA:23,1
DA:24,1
LF:7
LH:7
BRDA:17,0,0,1
BRDA:17,0,1,0
BRDA:23,1,0,1
BRDA:23,1,1,0
BRF:4
BRH:2
end_of_record
TN:
SF:/Users/lisa/Desktop/Web Engineering/scripts/harris.js
FN:1,harris
FNF:1
FNH:1
FNDA:9,harris
DA:5,9
DA:6,8
DA:7,1
DA:8,1
DA:11,1
DA:12,1
DA:13,1
DA:16,2
DA:24,1
DA:25,1
DA:30,1
DA:31,1
LF:12
LH:12
BRDA:5,0,0,8
BRDA:5,0,1,1
BRDA:24,1,0,1
BRDA:24,1,1,0
BRDA:30,2,0,1
BRDA:30,2,1,0
BRF:6
BRH:4
end_of_record
TN:
SF:/Users/lisa/Desktop/Web Engineering/scripts/waterformular.js
FN:1,waterformular
FNF:1
FNH:1
FNDA:6,waterformular
DA:4,6
DA:5,5
DA:6,1
DA:10,1
DA:11,0
DA:14,1
DA:22,2
DA:23,2
DA:28,2
DA:29,2
LF:10
LH:9
BRDA:4,0,0,5
BRDA:4,0,1,1
BRDA:22,1,0,2
BRDA:22,1,1,0
BRDA:28,2,0,2
BRDA:28,2,1,0
BRF:6
BRH:4
end_of_record
